<?xml version="1.0" encoding="UTF-8"?>
<testsuite xmlns:xsi="http://www.w3.org/2001/XMLSchema-instance" xsi:schemaLocation="https://maven.apache.org/surefire/maven-surefire-plugin/xsd/surefire-test-report.xsd" name="com.opentable.extension.BodyTransformerTest" time="3.141" tests="20" errors="0" skipped="0" failures="0">
  <properties>
    <property name="java.runtime.name" value="Java(TM) SE Runtime Environment"/>
    <property name="sun.boot.library.path" value="/Library/Java/JavaVirtualMachines/jdk1.8.0_221.jdk/Contents/Home/jre/lib"/>
    <property name="java.vm.version" value="25.221-b11"/>
    <property name="gopherProxySet" value="false"/>
    <property name="java.vm.vendor" value="Oracle Corporation"/>
    <property name="maven.multiModuleProjectDirectory" value="/Users/vipul.malgotra/Documents/Repos/wiremock-body-transformer"/>
    <property name="java.vendor.url" value="http://java.oracle.com/"/>
    <property name="path.separator" value=":"/>
    <property name="guice.disable.misplaced.annotation.check" value="true"/>
    <property name="java.vm.name" value="Java HotSpot(TM) 64-Bit Server VM"/>
    <property name="file.encoding.pkg" value="sun.io"/>
    <property name="user.country" value="IN"/>
    <property name="sun.java.launcher" value="SUN_STANDARD"/>
    <property name="sun.os.patch.level" value="unknown"/>
    <property name="java.vm.specification.name" value="Java Virtual Machine Specification"/>
    <property name="user.dir" value="/Users/vipul.malgotra/Documents/Repos/wiremock-body-transformer"/>
    <property name="java.runtime.version" value="1.8.0_221-b11"/>
    <property name="java.awt.graphicsenv" value="sun.awt.CGraphicsEnvironment"/>
    <property name="java.endorsed.dirs" value="/Library/Java/JavaVirtualMachines/jdk1.8.0_221.jdk/Contents/Home/jre/lib/endorsed"/>
    <property name="os.arch" value="x86_64"/>
    <property name="java.io.tmpdir" value="/var/folders/qf/yw0vsfbj4pn7v1sjhp_3mcg0xvvh3g/T/"/>
    <property name="line.separator" value="&#10;"/>
    <property name="java.vm.specification.vendor" value="Oracle Corporation"/>
    <property name="os.name" value="Mac OS X"/>
    <property name="classworlds.conf" value="/Users/vipul.malgotra/Documents/maven/apache-maven-3.6.3/bin/m2.conf"/>
    <property name="sun.jnu.encoding" value="UTF-8"/>
    <property name="java.library.path" value="/Users/vipul.malgotra/Library/Java/Extensions:/Library/Java/Extensions:/Network/Library/Java/Extensions:/System/Library/Java/Extensions:/usr/lib/java:."/>
    <property name="maven.conf" value="/Users/vipul.malgotra/Documents/maven/apache-maven-3.6.3/conf"/>
    <property name="java.specification.name" value="Java Platform API Specification"/>
    <property name="java.class.version" value="52.0"/>
    <property name="sun.management.compiler" value="HotSpot 64-Bit Tiered Compilers"/>
    <property name="os.version" value="10.14.6"/>
    <property name="library.jansi.path" value="/Users/vipul.malgotra/Documents/maven/apache-maven-3.6.3/lib/jansi-native"/>
    <property name="user.home" value="/Users/vipul.malgotra"/>
    <property name="user.timezone" value="Asia/Kolkata"/>
    <property name="java.awt.printerjob" value="sun.lwawt.macosx.CPrinterJob"/>
    <property name="java.specification.version" value="1.8"/>
    <property name="file.encoding" value="US-ASCII"/>
    <property name="user.name" value="vipul.malgotra"/>
    <property name="java.class.path" value="/Users/vipul.malgotra/Documents/maven/apache-maven-3.6.3/boot/plexus-classworlds-2.6.0.jar"/>
    <property name="java.vm.specification.version" value="1.8"/>
    <property name="sun.arch.data.model" value="64"/>
    <property name="java.home" value="/Library/Java/JavaVirtualMachines/jdk1.8.0_221.jdk/Contents/Home/jre"/>
    <property name="sun.java.command" value="org.codehaus.plexus.classworlds.launcher.Launcher package"/>
    <property name="java.specification.vendor" value="Oracle Corporation"/>
    <property name="user.language" value="en"/>
    <property name="awt.toolkit" value="sun.lwawt.macosx.LWCToolkit"/>
    <property name="java.vm.info" value="mixed mode"/>
    <property name="java.version" value="1.8.0_221"/>
    <property name="java.ext.dirs" value="/Users/vipul.malgotra/Library/Java/Extensions:/Library/Java/JavaVirtualMachines/jdk1.8.0_221.jdk/Contents/Home/jre/lib/ext:/Library/Java/Extensions:/Network/Library/Java/Extensions:/System/Library/Java/Extensions:/usr/lib/java"/>
    <property name="sun.boot.class.path" value="/Library/Java/JavaVirtualMachines/jdk1.8.0_221.jdk/Contents/Home/jre/lib/resources.jar:/Library/Java/JavaVirtualMachines/jdk1.8.0_221.jdk/Contents/Home/jre/lib/rt.jar:/Library/Java/JavaVirtualMachines/jdk1.8.0_221.jdk/Contents/Home/jre/lib/sunrsasign.jar:/Library/Java/JavaVirtualMachines/jdk1.8.0_221.jdk/Contents/Home/jre/lib/jsse.jar:/Library/Java/JavaVirtualMachines/jdk1.8.0_221.jdk/Contents/Home/jre/lib/jce.jar:/Library/Java/JavaVirtualMachines/jdk1.8.0_221.jdk/Contents/Home/jre/lib/charsets.jar:/Library/Java/JavaVirtualMachines/jdk1.8.0_221.jdk/Contents/Home/jre/lib/jfr.jar:/Library/Java/JavaVirtualMachines/jdk1.8.0_221.jdk/Contents/Home/jre/classes"/>
    <property name="java.vendor" value="Oracle Corporation"/>
    <property name="maven.home" value="/Users/vipul.malgotra/Documents/maven/apache-maven-3.6.3"/>
    <property name="file.separator" value="/"/>
    <property name="java.vendor.url.bug" value="http://bugreport.sun.com/bugreport/"/>
    <property name="sun.cpu.endian" value="little"/>
    <property name="sun.io.unicode.encoding" value="UnicodeBig"/>
    <property name="sun.cpu.isalist" value=""/>
  </properties>
  <testcase name="nullVariableNotFound" classname="com.opentable.extension.BodyTransformerTest" time="1.613"/>
  <testcase name="doesNotApplyGlobally" classname="com.opentable.extension.BodyTransformerTest" time="0.025"/>
  <testcase name="testGetWithBadParameters" classname="com.opentable.extension.BodyTransformerTest" time="0.07"/>
  <testcase name="replaceElementAttributesForXml" classname="com.opentable.extension.BodyTransformerTest" time="0.061"/>
  <testcase name="testGetWithParameters" classname="com.opentable.extension.BodyTransformerTest" time="0.063"/>
  <testcase name="withBodyFileName" classname="com.opentable.extension.BodyTransformerTest" time="0.035"/>
  <testcase name="replaceVariableHolderForXml" classname="com.opentable.extension.BodyTransformerTest" time="0.03"/>
  <testcase name="replaceVariableHolderFromKeyValueRequest" classname="com.opentable.extension.BodyTransformerTest" time="0.03"/>
  <testcase name="testKeyValueAsQueryString" classname="com.opentable.extension.BodyTransformerTest" time="0.025"/>
  <testcase name="replaceNestedVariablesForXml" classname="com.opentable.extension.BodyTransformerTest" time="0.03"/>
  <testcase name="urlRegexParameterWillReplaceFieldFromXmlBodyWithSameName" classname="com.opentable.extension.BodyTransformerTest" time="0.024"/>
  <testcase name="urlRegexParameterWithNameValueWillReplaceRootFieldFromXmlBodyWhenOnlyRootField" classname="com.opentable.extension.BodyTransformerTest" time="0.019"/>
  <testcase name="urlRegexParameterWillReplaceFieldFromJsonBodyWithSameName" classname="com.opentable.extension.BodyTransformerTest" time="0.025"/>
  <testcase name="replaceNestedVariables" classname="com.opentable.extension.BodyTransformerTest" time="0.028"/>
  <testcase name="injectRandomInteger" classname="com.opentable.extension.BodyTransformerTest" time="0.077"/>
  <testcase name="urlRegexParameterWillReplaceFieldFromKeyValueBodyRequestWithSameName" classname="com.opentable.extension.BodyTransformerTest" time="0.033"/>
  <testcase name="replaceVariableHolder" classname="com.opentable.extension.BodyTransformerTest" time="0.026"/>
  <testcase name="testEmptyBodyAndEmptyBodyFile" classname="com.opentable.extension.BodyTransformerTest" time="0.012"/>
  <testcase name="replaceVariableHolderFromKeyRequest" classname="com.opentable.extension.BodyTransformerTest" time="0.027"/>
  <testcase name="willReturnFieldWithNameValueWhenOnlyRootElementForXml" classname="com.opentable.extension.BodyTransformerTest" time="0.018"/>
</testsuite>